2025-02-28 21:47:10,644 - INFO - Successfully loaded plugin: operations.add
2025-02-28 21:47:10,645 - INFO - Successfully loaded plugin: operations.divide
2025-02-28 21:47:10,645 - INFO - Successfully loaded plugin: operations.multiply
2025-02-28 21:47:10,645 - INFO - Successfully loaded plugin: operations.operation_mapping
2025-02-28 21:47:10,645 - INFO - Successfully loaded plugin: operations.subtract
2025-02-28 21:47:10,645 - INFO - Calculator started
2025-02-28 21:47:10,645 - DEBUG - Skipping already loaded plugin: operations.add
2025-02-28 21:47:10,645 - DEBUG - Skipping already loaded plugin: operations.divide
2025-02-28 21:47:10,645 - DEBUG - Skipping already loaded plugin: operations.multiply
2025-02-28 21:47:10,645 - DEBUG - Skipping already loaded plugin: operations.operation_mapping
2025-02-28 21:47:10,645 - DEBUG - Skipping already loaded plugin: operations.subtract
2025-03-02 13:25:58,201 - INFO - Successfully loaded plugin: operations.add
2025-03-02 13:25:58,201 - INFO - Successfully loaded plugin: operations.divide
2025-03-02 13:25:58,201 - INFO - Successfully loaded plugin: operations.multiply
2025-03-02 13:25:58,201 - INFO - Successfully loaded plugin: operations.operation_mapping
2025-03-02 13:25:58,201 - INFO - Successfully loaded plugin: operations.subtract
2025-03-02 13:25:58,201 - DEBUG - Skipping already loaded plugin: operations.add
2025-03-02 13:25:58,201 - DEBUG - Skipping already loaded plugin: operations.divide
2025-03-02 13:25:58,201 - DEBUG - Skipping already loaded plugin: operations.multiply
2025-03-02 13:25:58,201 - DEBUG - Skipping already loaded plugin: operations.operation_mapping
2025-03-02 13:25:58,201 - DEBUG - Skipping already loaded plugin: operations.subtract
2025-03-02 13:25:58,253 - INFO - Calculator started
2025-03-02 13:25:58,253 - DEBUG - Skipping already loaded plugin: operations.add
2025-03-02 13:25:58,253 - DEBUG - Skipping already loaded plugin: operations.divide
2025-03-02 13:25:58,253 - DEBUG - Skipping already loaded plugin: operations.multiply
2025-03-02 13:25:58,253 - DEBUG - Skipping already loaded plugin: operations.operation_mapping
2025-03-02 13:25:58,253 - DEBUG - Skipping already loaded plugin: operations.subtract
2025-03-02 13:25:58,299 - INFO - Successfully loaded plugin: operations.add
2025-03-02 13:25:58,299 - INFO - Successfully loaded plugin: operations.divide
2025-03-02 13:25:58,299 - INFO - Successfully loaded plugin: operations.multiply
2025-03-02 13:25:58,299 - INFO - Successfully loaded plugin: operations.operation_mapping
2025-03-02 13:25:58,299 - INFO - Successfully loaded plugin: operations.subtract
2025-03-02 13:25:58,299 - INFO - Calculator started
2025-03-02 13:25:58,299 - DEBUG - Skipping already loaded plugin: operations.add
2025-03-02 13:25:58,300 - DEBUG - Skipping already loaded plugin: operations.divide
2025-03-02 13:25:58,300 - DEBUG - Skipping already loaded plugin: operations.multiply
2025-03-02 13:25:58,300 - DEBUG - Skipping already loaded plugin: operations.operation_mapping
2025-03-02 13:25:58,300 - DEBUG - Skipping already loaded plugin: operations.subtract
2025-03-02 13:25:58,309 - DEBUG - Test debug message
2025-03-02 13:25:58,309 - INFO - Test info message
2025-03-02 13:25:58,309 - ERROR - Test error message
2025-03-02 13:25:58,320 - ERROR - Failed to import fake_module: Mocked failure
2025-03-02 13:25:58,321 - INFO - Successfully loaded plugin: operations.fake_op
2025-03-02 13:25:58,322 - INFO - Successfully loaded plugin: operations.add
2025-03-02 13:25:58,322 - INFO - Successfully loaded plugin: operations.divide
2025-03-02 13:25:58,322 - INFO - Successfully loaded plugin: operations.multiply
2025-03-02 13:25:58,322 - INFO - Successfully loaded plugin: operations.operation_mapping
2025-03-02 13:25:58,322 - INFO - Successfully loaded plugin: operations.subtract
2025-03-02 13:25:58,323 - DEBUG - Attempting to load plugin: addition
2025-03-02 13:25:58,323 - INFO - Successfully loaded plugin: addition
2025-03-02 13:25:58,323 - DEBUG - Attempting to load plugin: unknown_plugin
2025-03-02 13:25:58,323 - ERROR - Failed to load plugin: unknown_plugin - Plugin not found
2025-03-02 13:25:58,324 - DEBUG - Attempting to load plugin: invalid_plugin
2025-03-02 13:25:58,324 - ERROR - Failed to load plugin: invalid_plugin - Plugin not found
2025-03-02 13:26:15,687 - INFO - Successfully loaded plugin: operations.add
2025-03-02 13:26:15,687 - INFO - Successfully loaded plugin: operations.divide
2025-03-02 13:26:15,687 - INFO - Successfully loaded plugin: operations.multiply
2025-03-02 13:26:15,688 - INFO - Successfully loaded plugin: operations.operation_mapping
2025-03-02 13:26:15,688 - INFO - Successfully loaded plugin: operations.subtract
2025-03-02 13:26:15,688 - DEBUG - Skipping already loaded plugin: operations.add
2025-03-02 13:26:15,688 - DEBUG - Skipping already loaded plugin: operations.divide
2025-03-02 13:26:15,688 - DEBUG - Skipping already loaded plugin: operations.multiply
2025-03-02 13:26:15,688 - DEBUG - Skipping already loaded plugin: operations.operation_mapping
2025-03-02 13:26:15,688 - DEBUG - Skipping already loaded plugin: operations.subtract
2025-03-02 13:26:15,745 - INFO - Calculator started
2025-03-02 13:26:15,745 - DEBUG - Skipping already loaded plugin: operations.add
2025-03-02 13:26:15,745 - DEBUG - Skipping already loaded plugin: operations.divide
2025-03-02 13:26:15,745 - DEBUG - Skipping already loaded plugin: operations.multiply
2025-03-02 13:26:15,745 - DEBUG - Skipping already loaded plugin: operations.operation_mapping
2025-03-02 13:26:15,745 - DEBUG - Skipping already loaded plugin: operations.subtract
2025-03-02 13:28:00,290 - INFO - Successfully loaded plugin: operations.add
2025-03-02 13:28:00,290 - INFO - Successfully loaded plugin: operations.divide
2025-03-02 13:28:00,290 - INFO - Successfully loaded plugin: operations.multiply
2025-03-02 13:28:00,291 - INFO - Successfully loaded plugin: operations.operation_mapping
2025-03-02 13:28:00,291 - INFO - Successfully loaded plugin: operations.subtract
2025-03-02 13:28:00,291 - DEBUG - Skipping already loaded plugin: operations.add
2025-03-02 13:28:00,291 - DEBUG - Skipping already loaded plugin: operations.divide
2025-03-02 13:28:00,291 - DEBUG - Skipping already loaded plugin: operations.multiply
2025-03-02 13:28:00,291 - DEBUG - Skipping already loaded plugin: operations.operation_mapping
2025-03-02 13:28:00,291 - DEBUG - Skipping already loaded plugin: operations.subtract
2025-03-02 13:28:00,362 - INFO - Calculator started
2025-03-02 13:28:00,362 - DEBUG - Skipping already loaded plugin: operations.add
2025-03-02 13:28:00,362 - DEBUG - Skipping already loaded plugin: operations.divide
2025-03-02 13:28:00,362 - DEBUG - Skipping already loaded plugin: operations.multiply
2025-03-02 13:28:00,362 - DEBUG - Skipping already loaded plugin: operations.operation_mapping
2025-03-02 13:28:00,362 - DEBUG - Skipping already loaded plugin: operations.subtract
2025-03-02 13:29:21,773 - INFO - Successfully loaded plugin: operations.add
2025-03-02 13:29:21,773 - INFO - Successfully loaded plugin: operations.divide
2025-03-02 13:29:21,773 - INFO - Successfully loaded plugin: operations.multiply
2025-03-02 13:29:21,773 - INFO - Successfully loaded plugin: operations.operation_mapping
2025-03-02 13:29:21,773 - INFO - Successfully loaded plugin: operations.subtract
2025-03-02 13:29:21,773 - DEBUG - Skipping already loaded plugin: operations.add
2025-03-02 13:29:21,774 - DEBUG - Skipping already loaded plugin: operations.divide
2025-03-02 13:29:21,774 - DEBUG - Skipping already loaded plugin: operations.multiply
2025-03-02 13:29:21,774 - DEBUG - Skipping already loaded plugin: operations.operation_mapping
2025-03-02 13:29:21,774 - DEBUG - Skipping already loaded plugin: operations.subtract
2025-03-02 13:29:21,865 - INFO - Calculator started
2025-03-02 13:29:21,865 - DEBUG - Skipping already loaded plugin: operations.add
2025-03-02 13:29:21,865 - DEBUG - Skipping already loaded plugin: operations.divide
2025-03-02 13:29:21,865 - DEBUG - Skipping already loaded plugin: operations.multiply
2025-03-02 13:29:21,865 - DEBUG - Skipping already loaded plugin: operations.operation_mapping
2025-03-02 13:29:21,865 - DEBUG - Skipping already loaded plugin: operations.subtract
2025-03-02 13:29:24,588 - INFO - Successfully loaded plugin: operations.add
2025-03-02 13:29:24,588 - INFO - Successfully loaded plugin: operations.divide
2025-03-02 13:29:24,588 - INFO - Successfully loaded plugin: operations.multiply
2025-03-02 13:29:24,588 - INFO - Successfully loaded plugin: operations.operation_mapping
2025-03-02 13:29:24,588 - INFO - Successfully loaded plugin: operations.subtract
2025-03-02 13:29:24,588 - INFO - Calculator started
2025-03-02 13:29:24,588 - DEBUG - Skipping already loaded plugin: operations.add
2025-03-02 13:29:24,588 - DEBUG - Skipping already loaded plugin: operations.divide
2025-03-02 13:29:24,588 - DEBUG - Skipping already loaded plugin: operations.multiply
2025-03-02 13:29:24,588 - DEBUG - Skipping already loaded plugin: operations.operation_mapping
2025-03-02 13:29:24,588 - DEBUG - Skipping already loaded plugin: operations.subtract
2025-03-02 13:29:24,613 - DEBUG - Test debug message
2025-03-02 13:29:24,614 - INFO - Test info message
2025-03-02 13:29:24,614 - ERROR - Test error message
2025-03-02 13:29:24,637 - ERROR - Failed to import fake_module: Mocked failure
2025-03-02 13:29:24,639 - INFO - Successfully loaded plugin: operations.fake_op
2025-03-02 13:29:24,640 - INFO - Successfully loaded plugin: operations.add
2025-03-02 13:29:24,640 - INFO - Successfully loaded plugin: operations.divide
2025-03-02 13:29:24,640 - INFO - Successfully loaded plugin: operations.multiply
2025-03-02 13:29:24,640 - INFO - Successfully loaded plugin: operations.operation_mapping
2025-03-02 13:29:24,640 - INFO - Successfully loaded plugin: operations.subtract
2025-03-02 13:29:24,641 - DEBUG - Attempting to load plugin: addition
2025-03-02 13:29:24,641 - INFO - Successfully loaded plugin: addition
2025-03-02 13:29:24,642 - DEBUG - Attempting to load plugin: unknown_plugin
2025-03-02 13:29:24,642 - ERROR - Failed to load plugin: unknown_plugin - Plugin not found
2025-03-02 13:29:24,643 - DEBUG - Attempting to load plugin: invalid_plugin
2025-03-02 13:29:24,643 - ERROR - Failed to load plugin: invalid_plugin - Plugin not found
2025-03-02 13:30:22,439 - INFO - Successfully loaded plugin: operations.add
2025-03-02 13:30:22,440 - INFO - Successfully loaded plugin: operations.divide
2025-03-02 13:30:22,440 - INFO - Successfully loaded plugin: operations.multiply
2025-03-02 13:30:22,440 - INFO - Successfully loaded plugin: operations.operation_mapping
2025-03-02 13:30:22,440 - INFO - Successfully loaded plugin: operations.subtract
2025-03-02 13:30:22,440 - DEBUG - Skipping already loaded plugin: operations.add
2025-03-02 13:30:22,440 - DEBUG - Skipping already loaded plugin: operations.divide
2025-03-02 13:30:22,440 - DEBUG - Skipping already loaded plugin: operations.multiply
2025-03-02 13:30:22,440 - DEBUG - Skipping already loaded plugin: operations.operation_mapping
2025-03-02 13:30:22,440 - DEBUG - Skipping already loaded plugin: operations.subtract
2025-03-02 13:30:22,500 - INFO - Calculator started
2025-03-02 13:30:22,501 - DEBUG - Skipping already loaded plugin: operations.add
2025-03-02 13:30:22,501 - DEBUG - Skipping already loaded plugin: operations.divide
2025-03-02 13:30:22,501 - DEBUG - Skipping already loaded plugin: operations.multiply
2025-03-02 13:30:22,501 - DEBUG - Skipping already loaded plugin: operations.operation_mapping
2025-03-02 13:30:22,501 - DEBUG - Skipping already loaded plugin: operations.subtract
2025-03-02 13:30:24,877 - INFO - Successfully loaded plugin: operations.add
2025-03-02 13:30:24,877 - INFO - Successfully loaded plugin: operations.divide
2025-03-02 13:30:24,877 - INFO - Successfully loaded plugin: operations.multiply
2025-03-02 13:30:24,877 - INFO - Successfully loaded plugin: operations.operation_mapping
2025-03-02 13:30:24,877 - INFO - Successfully loaded plugin: operations.subtract
2025-03-02 13:30:24,878 - INFO - Calculator started
2025-03-02 13:30:24,878 - DEBUG - Skipping already loaded plugin: operations.add
2025-03-02 13:30:24,878 - DEBUG - Skipping already loaded plugin: operations.divide
2025-03-02 13:30:24,878 - DEBUG - Skipping already loaded plugin: operations.multiply
2025-03-02 13:30:24,878 - DEBUG - Skipping already loaded plugin: operations.operation_mapping
2025-03-02 13:30:24,878 - DEBUG - Skipping already loaded plugin: operations.subtract
2025-03-02 13:30:24,901 - DEBUG - Test debug message
2025-03-02 13:30:24,902 - INFO - Test info message
2025-03-02 13:30:24,903 - ERROR - Test error message
2025-03-02 13:30:24,926 - ERROR - Failed to import fake_module: Mocked failure
2025-03-02 13:30:24,927 - INFO - Successfully loaded plugin: operations.fake_op
2025-03-02 13:30:24,928 - INFO - Successfully loaded plugin: operations.add
2025-03-02 13:30:24,928 - INFO - Successfully loaded plugin: operations.divide
2025-03-02 13:30:24,928 - INFO - Successfully loaded plugin: operations.multiply
2025-03-02 13:30:24,928 - INFO - Successfully loaded plugin: operations.operation_mapping
2025-03-02 13:30:24,928 - INFO - Successfully loaded plugin: operations.subtract
2025-03-02 13:30:24,929 - DEBUG - Attempting to load plugin: addition
2025-03-02 13:30:24,929 - INFO - Successfully loaded plugin: addition
2025-03-02 13:30:24,930 - DEBUG - Attempting to load plugin: unknown_plugin
2025-03-02 13:30:24,930 - ERROR - Failed to load plugin: unknown_plugin - Plugin not found
2025-03-02 13:30:24,931 - DEBUG - Attempting to load plugin: invalid_plugin
2025-03-02 13:30:24,931 - ERROR - Failed to load plugin: invalid_plugin - Plugin not found
2025-03-02 13:30:53,399 - INFO - Successfully loaded plugin: operations.add
2025-03-02 13:30:53,399 - INFO - Successfully loaded plugin: operations.divide
2025-03-02 13:30:53,399 - INFO - Successfully loaded plugin: operations.multiply
2025-03-02 13:30:53,399 - INFO - Successfully loaded plugin: operations.operation_mapping
2025-03-02 13:30:53,399 - INFO - Successfully loaded plugin: operations.subtract
2025-03-02 13:30:53,399 - DEBUG - Skipping already loaded plugin: operations.add
2025-03-02 13:30:53,399 - DEBUG - Skipping already loaded plugin: operations.divide
2025-03-02 13:30:53,399 - DEBUG - Skipping already loaded plugin: operations.multiply
2025-03-02 13:30:53,399 - DEBUG - Skipping already loaded plugin: operations.operation_mapping
2025-03-02 13:30:53,399 - DEBUG - Skipping already loaded plugin: operations.subtract
2025-03-02 13:30:53,431 - INFO - Calculator started
2025-03-02 13:30:53,431 - DEBUG - Skipping already loaded plugin: operations.add
2025-03-02 13:30:53,431 - DEBUG - Skipping already loaded plugin: operations.divide
2025-03-02 13:30:53,431 - DEBUG - Skipping already loaded plugin: operations.multiply
2025-03-02 13:30:53,431 - DEBUG - Skipping already loaded plugin: operations.operation_mapping
2025-03-02 13:30:53,431 - DEBUG - Skipping already loaded plugin: operations.subtract
2025-03-02 13:30:53,489 - INFO - Successfully loaded plugin: operations.add
2025-03-02 13:30:53,490 - INFO - Successfully loaded plugin: operations.divide
2025-03-02 13:30:53,490 - INFO - Successfully loaded plugin: operations.multiply
2025-03-02 13:30:53,490 - INFO - Successfully loaded plugin: operations.operation_mapping
2025-03-02 13:30:53,490 - INFO - Successfully loaded plugin: operations.subtract
2025-03-02 13:30:53,490 - INFO - Calculator started
2025-03-02 13:30:53,490 - DEBUG - Skipping already loaded plugin: operations.add
2025-03-02 13:30:53,490 - DEBUG - Skipping already loaded plugin: operations.divide
2025-03-02 13:30:53,490 - DEBUG - Skipping already loaded plugin: operations.multiply
2025-03-02 13:30:53,490 - DEBUG - Skipping already loaded plugin: operations.operation_mapping
2025-03-02 13:30:53,490 - DEBUG - Skipping already loaded plugin: operations.subtract
2025-03-02 13:30:53,499 - DEBUG - Test debug message
2025-03-02 13:30:53,499 - INFO - Test info message
2025-03-02 13:30:53,500 - ERROR - Test error message
2025-03-02 13:30:53,509 - ERROR - Failed to import fake_module: Mocked failure
2025-03-02 13:30:53,510 - INFO - Successfully loaded plugin: operations.fake_op
2025-03-02 13:30:53,511 - INFO - Successfully loaded plugin: operations.add
2025-03-02 13:30:53,511 - INFO - Successfully loaded plugin: operations.divide
2025-03-02 13:30:53,511 - INFO - Successfully loaded plugin: operations.multiply
2025-03-02 13:30:53,511 - INFO - Successfully loaded plugin: operations.operation_mapping
2025-03-02 13:30:53,511 - INFO - Successfully loaded plugin: operations.subtract
2025-03-02 13:30:53,511 - DEBUG - Attempting to load plugin: addition
2025-03-02 13:30:53,511 - INFO - Successfully loaded plugin: addition
2025-03-02 13:30:53,512 - DEBUG - Attempting to load plugin: unknown_plugin
2025-03-02 13:30:53,512 - ERROR - Failed to load plugin: unknown_plugin - Plugin not found
2025-03-02 13:30:53,512 - DEBUG - Attempting to load plugin: invalid_plugin
2025-03-02 13:30:53,512 - ERROR - Failed to load plugin: invalid_plugin - Plugin not found
2025-03-02 13:33:22,329 - INFO - Successfully loaded plugin: operations.add
2025-03-02 13:33:22,329 - INFO - Successfully loaded plugin: operations.divide
2025-03-02 13:33:22,329 - INFO - Successfully loaded plugin: operations.multiply
2025-03-02 13:33:22,329 - INFO - Successfully loaded plugin: operations.operation_mapping
2025-03-02 13:33:22,329 - INFO - Successfully loaded plugin: operations.subtract
2025-03-02 13:33:22,329 - DEBUG - Skipping already loaded plugin: operations.add
2025-03-02 13:33:22,329 - DEBUG - Skipping already loaded plugin: operations.divide
2025-03-02 13:33:22,329 - DEBUG - Skipping already loaded plugin: operations.multiply
2025-03-02 13:33:22,329 - DEBUG - Skipping already loaded plugin: operations.operation_mapping
2025-03-02 13:33:22,329 - DEBUG - Skipping already loaded plugin: operations.subtract
2025-03-02 13:33:22,373 - INFO - Calculator started
2025-03-02 13:33:22,373 - DEBUG - Skipping already loaded plugin: operations.add
2025-03-02 13:33:22,373 - DEBUG - Skipping already loaded plugin: operations.divide
2025-03-02 13:33:22,373 - DEBUG - Skipping already loaded plugin: operations.multiply
2025-03-02 13:33:22,373 - DEBUG - Skipping already loaded plugin: operations.operation_mapping
2025-03-02 13:33:22,373 - DEBUG - Skipping already loaded plugin: operations.subtract
2025-03-02 13:33:22,418 - INFO - Successfully loaded plugin: operations.add
2025-03-02 13:33:22,418 - INFO - Successfully loaded plugin: operations.divide
2025-03-02 13:33:22,418 - INFO - Successfully loaded plugin: operations.multiply
2025-03-02 13:33:22,418 - INFO - Successfully loaded plugin: operations.operation_mapping
2025-03-02 13:33:22,419 - INFO - Successfully loaded plugin: operations.subtract
2025-03-02 13:33:22,419 - INFO - Calculator started
2025-03-02 13:33:22,419 - DEBUG - Skipping already loaded plugin: operations.add
2025-03-02 13:33:22,419 - DEBUG - Skipping already loaded plugin: operations.divide
2025-03-02 13:33:22,419 - DEBUG - Skipping already loaded plugin: operations.multiply
2025-03-02 13:33:22,419 - DEBUG - Skipping already loaded plugin: operations.operation_mapping
2025-03-02 13:33:22,419 - DEBUG - Skipping already loaded plugin: operations.subtract
2025-03-02 13:33:22,428 - DEBUG - Test debug message
2025-03-02 13:33:22,429 - INFO - Test info message
2025-03-02 13:33:22,429 - ERROR - Test error message
2025-03-02 13:33:22,440 - ERROR - Failed to import fake_module: Mocked failure
2025-03-02 13:33:22,440 - INFO - Successfully loaded plugin: operations.fake_op
2025-03-02 13:33:22,441 - INFO - Successfully loaded plugin: operations.add
2025-03-02 13:33:22,442 - INFO - Successfully loaded plugin: operations.divide
2025-03-02 13:33:22,442 - INFO - Successfully loaded plugin: operations.multiply
2025-03-02 13:33:22,442 - INFO - Successfully loaded plugin: operations.operation_mapping
2025-03-02 13:33:22,442 - INFO - Successfully loaded plugin: operations.subtract
2025-03-02 13:33:22,442 - DEBUG - Attempting to load plugin: addition
2025-03-02 13:33:22,442 - INFO - Successfully loaded plugin: addition
2025-03-02 13:33:22,443 - DEBUG - Attempting to load plugin: unknown_plugin
2025-03-02 13:33:22,443 - ERROR - Failed to load plugin: unknown_plugin - Plugin not found
2025-03-02 13:33:22,444 - DEBUG - Attempting to load plugin: invalid_plugin
2025-03-02 13:33:22,444 - ERROR - Failed to load plugin: invalid_plugin - Plugin not found
2025-03-02 13:35:04,697 - INFO - Successfully loaded plugin: operations.add
2025-03-02 13:35:04,697 - INFO - Successfully loaded plugin: operations.divide
2025-03-02 13:35:04,697 - INFO - Successfully loaded plugin: operations.multiply
2025-03-02 13:35:04,697 - INFO - Successfully loaded plugin: operations.operation_mapping
2025-03-02 13:35:04,697 - INFO - Successfully loaded plugin: operations.subtract
2025-03-02 13:35:04,697 - DEBUG - Skipping already loaded plugin: operations.add
2025-03-02 13:35:04,697 - DEBUG - Skipping already loaded plugin: operations.divide
2025-03-02 13:35:04,697 - DEBUG - Skipping already loaded plugin: operations.multiply
2025-03-02 13:35:04,697 - DEBUG - Skipping already loaded plugin: operations.operation_mapping
2025-03-02 13:35:04,697 - DEBUG - Skipping already loaded plugin: operations.subtract
2025-03-02 13:35:04,740 - INFO - Calculator started
2025-03-02 13:35:04,741 - DEBUG - Skipping already loaded plugin: operations.add
2025-03-02 13:35:04,741 - DEBUG - Skipping already loaded plugin: operations.divide
2025-03-02 13:35:04,741 - DEBUG - Skipping already loaded plugin: operations.multiply
2025-03-02 13:35:04,741 - DEBUG - Skipping already loaded plugin: operations.operation_mapping
2025-03-02 13:35:04,741 - DEBUG - Skipping already loaded plugin: operations.subtract
2025-03-02 13:35:04,785 - INFO - Successfully loaded plugin: operations.add
2025-03-02 13:35:04,785 - INFO - Successfully loaded plugin: operations.divide
2025-03-02 13:35:04,785 - INFO - Successfully loaded plugin: operations.multiply
2025-03-02 13:35:04,786 - INFO - Successfully loaded plugin: operations.operation_mapping
2025-03-02 13:35:04,786 - INFO - Successfully loaded plugin: operations.subtract
2025-03-02 13:35:04,786 - INFO - Calculator started
2025-03-02 13:35:04,786 - DEBUG - Skipping already loaded plugin: operations.add
2025-03-02 13:35:04,786 - DEBUG - Skipping already loaded plugin: operations.divide
2025-03-02 13:35:04,786 - DEBUG - Skipping already loaded plugin: operations.multiply
2025-03-02 13:35:04,786 - DEBUG - Skipping already loaded plugin: operations.operation_mapping
2025-03-02 13:35:04,786 - DEBUG - Skipping already loaded plugin: operations.subtract
2025-03-02 13:35:04,795 - DEBUG - Test debug message
2025-03-02 13:35:04,795 - INFO - Test info message
2025-03-02 13:35:04,796 - ERROR - Test error message
2025-03-02 13:35:04,805 - ERROR - Failed to import fake_module: Mocked failure
2025-03-02 13:35:04,806 - INFO - Successfully loaded plugin: operations.fake_op
2025-03-02 13:35:04,807 - INFO - Successfully loaded plugin: operations.add
2025-03-02 13:35:04,807 - INFO - Successfully loaded plugin: operations.divide
2025-03-02 13:35:04,807 - INFO - Successfully loaded plugin: operations.multiply
2025-03-02 13:35:04,807 - INFO - Successfully loaded plugin: operations.operation_mapping
2025-03-02 13:35:04,807 - INFO - Successfully loaded plugin: operations.subtract
2025-03-02 13:35:04,808 - DEBUG - Attempting to load plugin: addition
2025-03-02 13:35:04,808 - INFO - Successfully loaded plugin: addition
2025-03-02 13:35:04,808 - DEBUG - Attempting to load plugin: unknown_plugin
2025-03-02 13:35:04,808 - ERROR - Failed to load plugin: unknown_plugin - Plugin not found
2025-03-02 13:35:04,809 - DEBUG - Attempting to load plugin: invalid_plugin
2025-03-02 13:35:04,809 - ERROR - Failed to load plugin: invalid_plugin - Plugin not found
2025-03-02 13:37:35,523 - INFO - Successfully loaded plugin: operations.add
2025-03-02 13:37:35,524 - INFO - Successfully loaded plugin: operations.divide
2025-03-02 13:37:35,524 - INFO - Successfully loaded plugin: operations.multiply
2025-03-02 13:37:35,524 - INFO - Successfully loaded plugin: operations.operation_mapping
2025-03-02 13:37:35,524 - INFO - Successfully loaded plugin: operations.subtract
2025-03-02 13:37:35,524 - DEBUG - Skipping already loaded plugin: operations.add
2025-03-02 13:37:35,524 - DEBUG - Skipping already loaded plugin: operations.divide
2025-03-02 13:37:35,524 - DEBUG - Skipping already loaded plugin: operations.multiply
2025-03-02 13:37:35,524 - DEBUG - Skipping already loaded plugin: operations.operation_mapping
2025-03-02 13:37:35,524 - DEBUG - Skipping already loaded plugin: operations.subtract
2025-03-02 13:37:35,597 - INFO - Calculator started
2025-03-02 13:37:35,597 - DEBUG - Skipping already loaded plugin: operations.add
2025-03-02 13:37:35,597 - DEBUG - Skipping already loaded plugin: operations.divide
2025-03-02 13:37:35,597 - DEBUG - Skipping already loaded plugin: operations.multiply
2025-03-02 13:37:35,597 - DEBUG - Skipping already loaded plugin: operations.operation_mapping
2025-03-02 13:37:35,597 - DEBUG - Skipping already loaded plugin: operations.subtract
2025-03-02 13:37:38,058 - INFO - Successfully loaded plugin: operations.add
2025-03-02 13:37:38,059 - INFO - Successfully loaded plugin: operations.divide
2025-03-02 13:37:38,059 - INFO - Successfully loaded plugin: operations.multiply
2025-03-02 13:37:38,059 - INFO - Successfully loaded plugin: operations.operation_mapping
2025-03-02 13:37:38,059 - INFO - Successfully loaded plugin: operations.subtract
2025-03-02 13:37:38,059 - INFO - Calculator started
2025-03-02 13:37:38,059 - DEBUG - Skipping already loaded plugin: operations.add
2025-03-02 13:37:38,059 - DEBUG - Skipping already loaded plugin: operations.divide
2025-03-02 13:37:38,059 - DEBUG - Skipping already loaded plugin: operations.multiply
2025-03-02 13:37:38,059 - DEBUG - Skipping already loaded plugin: operations.operation_mapping
2025-03-02 13:37:38,059 - DEBUG - Skipping already loaded plugin: operations.subtract
2025-03-02 13:37:38,084 - DEBUG - Test debug message
2025-03-02 13:37:38,084 - INFO - Test info message
2025-03-02 13:37:38,085 - ERROR - Test error message
2025-03-02 13:37:38,108 - ERROR - Failed to import fake_module: Mocked failure
2025-03-02 13:37:38,109 - INFO - Successfully loaded plugin: operations.fake_op
2025-03-02 13:37:38,110 - INFO - Successfully loaded plugin: operations.add
2025-03-02 13:37:38,110 - INFO - Successfully loaded plugin: operations.divide
2025-03-02 13:37:38,110 - INFO - Successfully loaded plugin: operations.multiply
2025-03-02 13:37:38,110 - INFO - Successfully loaded plugin: operations.operation_mapping
2025-03-02 13:37:38,110 - INFO - Successfully loaded plugin: operations.subtract
2025-03-02 13:37:38,111 - DEBUG - Attempting to load plugin: addition
2025-03-02 13:37:38,111 - INFO - Successfully loaded plugin: addition
2025-03-02 13:37:38,112 - DEBUG - Attempting to load plugin: unknown_plugin
2025-03-02 13:37:38,112 - ERROR - Failed to load plugin: unknown_plugin - Plugin not found
2025-03-02 13:37:38,113 - DEBUG - Attempting to load plugin: invalid_plugin
2025-03-02 13:37:38,113 - ERROR - Failed to load plugin: invalid_plugin - Plugin not found
2025-03-02 13:38:13,546 - INFO - Successfully loaded plugin: operations.add
2025-03-02 13:38:13,546 - INFO - Successfully loaded plugin: operations.divide
2025-03-02 13:38:13,546 - INFO - Successfully loaded plugin: operations.multiply
2025-03-02 13:38:13,546 - INFO - Successfully loaded plugin: operations.operation_mapping
2025-03-02 13:38:13,546 - INFO - Successfully loaded plugin: operations.subtract
2025-03-02 13:38:13,546 - DEBUG - Skipping already loaded plugin: operations.add
2025-03-02 13:38:13,547 - DEBUG - Skipping already loaded plugin: operations.divide
2025-03-02 13:38:13,547 - DEBUG - Skipping already loaded plugin: operations.multiply
2025-03-02 13:38:13,547 - DEBUG - Skipping already loaded plugin: operations.operation_mapping
2025-03-02 13:38:13,547 - DEBUG - Skipping already loaded plugin: operations.subtract
2025-03-02 13:38:13,604 - INFO - Calculator started
2025-03-02 13:38:13,604 - DEBUG - Skipping already loaded plugin: operations.add
2025-03-02 13:38:13,604 - DEBUG - Skipping already loaded plugin: operations.divide
2025-03-02 13:38:13,604 - DEBUG - Skipping already loaded plugin: operations.multiply
2025-03-02 13:38:13,604 - DEBUG - Skipping already loaded plugin: operations.operation_mapping
2025-03-02 13:38:13,604 - DEBUG - Skipping already loaded plugin: operations.subtract
2025-03-02 13:38:15,994 - INFO - Successfully loaded plugin: operations.add
2025-03-02 13:38:15,995 - INFO - Successfully loaded plugin: operations.divide
2025-03-02 13:38:15,995 - INFO - Successfully loaded plugin: operations.multiply
2025-03-02 13:38:15,995 - INFO - Successfully loaded plugin: operations.operation_mapping
2025-03-02 13:38:15,995 - INFO - Successfully loaded plugin: operations.subtract
2025-03-02 13:38:15,995 - INFO - Calculator started
2025-03-02 13:38:15,995 - DEBUG - Skipping already loaded plugin: operations.add
2025-03-02 13:38:15,995 - DEBUG - Skipping already loaded plugin: operations.divide
2025-03-02 13:38:15,995 - DEBUG - Skipping already loaded plugin: operations.multiply
2025-03-02 13:38:15,995 - DEBUG - Skipping already loaded plugin: operations.operation_mapping
2025-03-02 13:38:15,995 - DEBUG - Skipping already loaded plugin: operations.subtract
2025-03-02 13:38:16,019 - DEBUG - Test debug message
2025-03-02 13:38:16,020 - INFO - Test info message
2025-03-02 13:38:16,021 - ERROR - Test error message
2025-03-02 13:38:16,044 - ERROR - Failed to import fake_module: Mocked failure
2025-03-02 13:38:16,045 - INFO - Successfully loaded plugin: operations.fake_op
2025-03-02 13:38:16,046 - INFO - Successfully loaded plugin: operations.add
2025-03-02 13:38:16,046 - INFO - Successfully loaded plugin: operations.divide
2025-03-02 13:38:16,046 - INFO - Successfully loaded plugin: operations.multiply
2025-03-02 13:38:16,046 - INFO - Successfully loaded plugin: operations.operation_mapping
2025-03-02 13:38:16,046 - INFO - Successfully loaded plugin: operations.subtract
2025-03-02 13:38:16,047 - DEBUG - Attempting to load plugin: addition
2025-03-02 13:38:16,047 - INFO - Successfully loaded plugin: addition
2025-03-02 13:38:16,048 - DEBUG - Attempting to load plugin: unknown_plugin
2025-03-02 13:38:16,048 - ERROR - Failed to load plugin: unknown_plugin - Plugin not found
2025-03-02 13:38:16,049 - DEBUG - Attempting to load plugin: invalid_plugin
2025-03-02 13:38:16,049 - ERROR - Failed to load plugin: invalid_plugin - Plugin not found
